Determining if the pthread_create exist failed with the following output:
Change Dir: /home/antti/Documents/freearm/src/build/CMakeFiles/CMakeTmp

Run Build Command:"/usr/bin/make" "cmTC_e43a7/fast"
/usr/bin/make -f CMakeFiles/cmTC_e43a7.dir/build.make CMakeFiles/cmTC_e43a7.dir/build
make[1]: Entering directory '/home/antti/Documents/freearm/src/build/CMakeFiles/CMakeTmp'
Building C object CMakeFiles/cmTC_e43a7.dir/CheckSymbolExists.c.o
/opt/cross-pi-gcc/bin/arm-linux-gnueabihf-gcc --sysroot=/home/antti/rpi/rootfs   -mcpu=arm1176jzf-s -mfpu=vfp -mfloat-abi=hard -I/home/antti/rpi/rootfs/usr/include  -L/opt/cross-pi-gcc/arm-linux-gnueabihf/lib -Wl,-rpath-link,/opt/cross-pi-gcc/arm-linux-gnueabihf/lib -L/opt/cross-pi-gcc/lib -Wl,-rpath-link,/opt/cross-pi-gcc/lib -L/home/antti/rpi/rootfs/opt/vc/lib -Wl,-rpath-link,/home/antti/rpi/rootfs/opt/vc/lib -L/home/antti/rpi/rootfs/lib/arm-linux-gnueabihf -Wl,-rpath-link,/home/antti/rpi/rootfs/lib/arm-linux-gnueabihf -L/home/antti/rpi/rootfs/usr/local/lib -Wl,-rpath-link,/home/antti/rpi/rootfs/usr/local/lib -L/home/antti/rpi/rootfs/usr/lib/arm-linux-gnueabihf -Wl,-rpath-link,/home/antti/rpi/rootfs/usr/lib/arm-linux-gnueabihf -L/home/antti/rpi/rootfs/usr/lib -Wl,-rpath-link,/home/antti/rpi/rootfs/usr/lib -L/home/antti/rpi/rootfs/usr/lib/arm-linux-gnueabihf/blas -Wl,-rpath-link,/home/antti/rpi/rootfs/usr/lib/arm-linux-gnueabihf/blas -L/home/antti/rpi/rootfs/usr/lib/arm-linux-gnueabihf/lapack -Wl,-rpath-link,/home/antti/rpi/rootfs/usr/lib/arm-linux-gnueabihf/lapack    -o CMakeFiles/cmTC_e43a7.dir/CheckSymbolExists.c.o   -c /home/antti/Documents/freearm/src/build/CMakeFiles/CMakeTmp/CheckSymbolExists.c
Linking C executable cmTC_e43a7
/usr/bin/cmake -E cmake_link_script CMakeFiles/cmTC_e43a7.dir/link.txt --verbose=1
/opt/cross-pi-gcc/bin/arm-linux-gnueabihf-gcc --sysroot=/home/antti/rpi/rootfs -mcpu=arm1176jzf-s -mfpu=vfp -mfloat-abi=hard -I/home/antti/rpi/rootfs/usr/include  -L/opt/cross-pi-gcc/arm-linux-gnueabihf/lib -Wl,-rpath-link,/opt/cross-pi-gcc/arm-linux-gnueabihf/lib -L/opt/cross-pi-gcc/lib -Wl,-rpath-link,/opt/cross-pi-gcc/lib -L/home/antti/rpi/rootfs/opt/vc/lib -Wl,-rpath-link,/home/antti/rpi/rootfs/opt/vc/lib -L/home/antti/rpi/rootfs/lib/arm-linux-gnueabihf -Wl,-rpath-link,/home/antti/rpi/rootfs/lib/arm-linux-gnueabihf -L/home/antti/rpi/rootfs/usr/local/lib -Wl,-rpath-link,/home/antti/rpi/rootfs/usr/local/lib -L/home/antti/rpi/rootfs/usr/lib/arm-linux-gnueabihf -Wl,-rpath-link,/home/antti/rpi/rootfs/usr/lib/arm-linux-gnueabihf -L/home/antti/rpi/rootfs/usr/lib -Wl,-rpath-link,/home/antti/rpi/rootfs/usr/lib -L/home/antti/rpi/rootfs/usr/lib/arm-linux-gnueabihf/blas -Wl,-rpath-link,/home/antti/rpi/rootfs/usr/lib/arm-linux-gnueabihf/blas -L/home/antti/rpi/rootfs/usr/lib/arm-linux-gnueabihf/lapack -Wl,-rpath-link,/home/antti/rpi/rootfs/usr/lib/arm-linux-gnueabihf/lapack     -rdynamic CMakeFiles/cmTC_e43a7.dir/CheckSymbolExists.c.o  -o cmTC_e43a7 
/opt/cross-pi-gcc/lib/gcc/arm-linux-gnueabihf/8.3.0/../../../../arm-linux-gnueabihf/bin/ld: CMakeFiles/cmTC_e43a7.dir/CheckSymbolExists.c.o: in function `main':
CheckSymbolExists.c:(.text+0x38): undefined reference to `pthread_create'
collect2: error: ld returned 1 exit status
CMakeFiles/cmTC_e43a7.dir/build.make:97: recipe for target 'cmTC_e43a7' failed
make[1]: *** [cmTC_e43a7] Error 1
make[1]: Leaving directory '/home/antti/Documents/freearm/src/build/CMakeFiles/CMakeTmp'
Makefile:126: recipe for target 'cmTC_e43a7/fast' failed
make: *** [cmTC_e43a7/fast] Error 2

File /home/antti/Documents/freearm/src/build/CMakeFiles/CMakeTmp/CheckSymbolExists.c:
/* */
#include <pthread.h>

int main(int argc, char** argv)
{
  (void)argv;
#ifndef pthread_create
  return ((int*)(&pthread_create))[argc];
#else
  (void)argc;
  return 0;
#endif
}

Determining if the function pthread_create exists in the pthreads failed with the following output:
Change Dir: /home/antti/Documents/freearm/src/build/CMakeFiles/CMakeTmp

Run Build Command:"/usr/bin/make" "cmTC_e8d70/fast"
/usr/bin/make -f CMakeFiles/cmTC_e8d70.dir/build.make CMakeFiles/cmTC_e8d70.dir/build
make[1]: Entering directory '/home/antti/Documents/freearm/src/build/CMakeFiles/CMakeTmp'
Building C object CMakeFiles/cmTC_e8d70.dir/CheckFunctionExists.c.o
/opt/cross-pi-gcc/bin/arm-linux-gnueabihf-gcc --sysroot=/home/antti/rpi/rootfs   -mcpu=arm1176jzf-s -mfpu=vfp -mfloat-abi=hard -I/home/antti/rpi/rootfs/usr/include  -L/opt/cross-pi-gcc/arm-linux-gnueabihf/lib -Wl,-rpath-link,/opt/cross-pi-gcc/arm-linux-gnueabihf/lib -L/opt/cross-pi-gcc/lib -Wl,-rpath-link,/opt/cross-pi-gcc/lib -L/home/antti/rpi/rootfs/opt/vc/lib -Wl,-rpath-link,/home/antti/rpi/rootfs/opt/vc/lib -L/home/antti/rpi/rootfs/lib/arm-linux-gnueabihf -Wl,-rpath-link,/home/antti/rpi/rootfs/lib/arm-linux-gnueabihf -L/home/antti/rpi/rootfs/usr/local/lib -Wl,-rpath-link,/home/antti/rpi/rootfs/usr/local/lib -L/home/antti/rpi/rootfs/usr/lib/arm-linux-gnueabihf -Wl,-rpath-link,/home/antti/rpi/rootfs/usr/lib/arm-linux-gnueabihf -L/home/antti/rpi/rootfs/usr/lib -Wl,-rpath-link,/home/antti/rpi/rootfs/usr/lib -L/home/antti/rpi/rootfs/usr/lib/arm-linux-gnueabihf/blas -Wl,-rpath-link,/home/antti/rpi/rootfs/usr/lib/arm-linux-gnueabihf/blas -L/home/antti/rpi/rootfs/usr/lib/arm-linux-gnueabihf/lapack -Wl,-rpath-link,/home/antti/rpi/rootfs/usr/lib/arm-linux-gnueabihf/lapack -DCHECK_FUNCTION_EXISTS=pthread_create   -o CMakeFiles/cmTC_e8d70.dir/CheckFunctionExists.c.o   -c /usr/share/cmake-3.10/Modules/CheckFunctionExists.c
Linking C executable cmTC_e8d70
/usr/bin/cmake -E cmake_link_script CMakeFiles/cmTC_e8d70.dir/link.txt --verbose=1
/opt/cross-pi-gcc/bin/arm-linux-gnueabihf-gcc --sysroot=/home/antti/rpi/rootfs -mcpu=arm1176jzf-s -mfpu=vfp -mfloat-abi=hard -I/home/antti/rpi/rootfs/usr/include  -L/opt/cross-pi-gcc/arm-linux-gnueabihf/lib -Wl,-rpath-link,/opt/cross-pi-gcc/arm-linux-gnueabihf/lib -L/opt/cross-pi-gcc/lib -Wl,-rpath-link,/opt/cross-pi-gcc/lib -L/home/antti/rpi/rootfs/opt/vc/lib -Wl,-rpath-link,/home/antti/rpi/rootfs/opt/vc/lib -L/home/antti/rpi/rootfs/lib/arm-linux-gnueabihf -Wl,-rpath-link,/home/antti/rpi/rootfs/lib/arm-linux-gnueabihf -L/home/antti/rpi/rootfs/usr/local/lib -Wl,-rpath-link,/home/antti/rpi/rootfs/usr/local/lib -L/home/antti/rpi/rootfs/usr/lib/arm-linux-gnueabihf -Wl,-rpath-link,/home/antti/rpi/rootfs/usr/lib/arm-linux-gnueabihf -L/home/antti/rpi/rootfs/usr/lib -Wl,-rpath-link,/home/antti/rpi/rootfs/usr/lib -L/home/antti/rpi/rootfs/usr/lib/arm-linux-gnueabihf/blas -Wl,-rpath-link,/home/antti/rpi/rootfs/usr/lib/arm-linux-gnueabihf/blas -L/home/antti/rpi/rootfs/usr/lib/arm-linux-gnueabihf/lapack -Wl,-rpath-link,/home/antti/rpi/rootfs/usr/lib/arm-linux-gnueabihf/lapack -DCHECK_FUNCTION_EXISTS=pthread_create    -rdynamic CMakeFiles/cmTC_e8d70.dir/CheckFunctionExists.c.o  -o cmTC_e8d70 -lpthreads 
/opt/cross-pi-gcc/lib/gcc/arm-linux-gnueabihf/8.3.0/../../../../arm-linux-gnueabihf/bin/ld: cannot find -lpthreads
collect2: error: ld returned 1 exit status
CMakeFiles/cmTC_e8d70.dir/build.make:97: recipe for target 'cmTC_e8d70' failed
make[1]: *** [cmTC_e8d70] Error 1
make[1]: Leaving directory '/home/antti/Documents/freearm/src/build/CMakeFiles/CMakeTmp'
Makefile:126: recipe for target 'cmTC_e8d70/fast' failed
make: *** [cmTC_e8d70/fast] Error 2


